{
  "RSpec": {
    "coverage": {
      "/Users/yanyi/Documents/Projects/string_calculator/spec/string_calculator_spec.rb": [
        1,
        null,
        1,
        8,
        null,
        1,
        1,
        1,
        null,
        null,
        1,
        1,
        null,
        null,
        1,
        1,
        null,
        null,
        1,
        1,
        null,
        null,
        1,
        1,
        null,
        null,
        1,
        1,
        null,
        null,
        1,
        1,
        2,
        null,
        null,
        null,
        null
      ],
      "/Users/yanyi/Documents/Projects/string_calculator/lib/string_calculator.rb": [
        1,
        1,
        7,
        6,
        5,
        null,
        null,
        1,
        null,
        1,
        2,
        2,
        null,
        null,
        1,
        12,
        12,
        null,
        null,
        1,
        23,
        null,
        null,
        1,
        6,
        null,
        null
      ]
    },
    "timestamp": 1459859569
  }
}
