{
  "RSpec": {
    "coverage": {
      "/Users/yanyi/Documents/Projects/string_calculator/spec/string_calculator_spec.rb": [
        1,
        null,
        1,
        5,
        null,
        1,
        1,
        1,
        null,
        null,
        1,
        1,
        null,
        null,
        1,
        1,
        null,
        null,
        1,
        1,
        null,
        null,
        null
      ],
      "/Users/yanyi/Documents/Projects/string_calculator/lib/string_calculator.rb": [
        1,
        1,
        4,
        3,
        null,
        null,
        1,
        null,
        1,
        3,
        null,
        null
      ]
    },
    "timestamp": 1459853420
  }
}
